Using pre-set license
Built from '2022.1/staging' branch; Version is '2022.1.16f1 (7321c9670bc2) revision 7545289'; Using compiler version '192829333'; Build Type 'Release'
OS: 'Windows 10  (10.0.19044) 64bit CoreSingleLanguage' Language: 'en' Physical Memory: 15776 MB
BatchMode: 1, IsHumanControllingUs: 0, StartBugReporterOnCrash: 0, Is64bit: 1, IsPro: 1

COMMAND LINE ARGUMENTS:
C:\Program Files\Unity\Hub\Editor\2022.1.16f1\Editor\Unity.exe
-adb2
-batchMode
-noUpm
-name
AssetImportWorker8
-projectPath
C:/Users/nicho/Documents/Game Engine Architecture/Git/GEA-Unity-Race/GEA Unity Race Project
-logFile
Logs/AssetImportWorker8.log
-srvPort
49678
Successfully changed project path to: C:/Users/nicho/Documents/Game Engine Architecture/Git/GEA-Unity-Race/GEA Unity Race Project
C:/Users/nicho/Documents/Game Engine Architecture/Git/GEA-Unity-Race/GEA Unity Race Project
[UnityMemory] Configuration Parameters - Can be set up in boot.config
    "memorysetup-bucket-allocator-granularity=16"
    "memorysetup-bucket-allocator-bucket-count=8"
    "memorysetup-bucket-allocator-block-size=33554432"
    "memorysetup-bucket-allocator-block-count=8"
    "memorysetup-main-allocator-block-size=16777216"
    "memorysetup-thread-allocator-block-size=16777216"
    "memorysetup-gfx-main-allocator-block-size=16777216"
    "memorysetup-gfx-thread-allocator-block-size=16777216"
    "memorysetup-cache-allocator-block-size=4194304"
    "memorysetup-typetree-allocator-block-size=2097152"
    "memorysetup-profiler-bucket-allocator-granularity=16"
    "memorysetup-profiler-bucket-allocator-bucket-count=8"
    "memorysetup-profiler-bucket-allocator-block-size=33554432"
    "memorysetup-profiler-bucket-allocator-block-count=8"
    "memorysetup-profiler-allocator-block-size=16777216"
    "memorysetup-profiler-editor-allocator-block-size=1048576"
    "memorysetup-temp-allocator-size-main=16777216"
    "memorysetup-job-temp-allocator-block-size=2097152"
    "memorysetup-job-temp-allocator-block-size-background=1048576"
    "memorysetup-job-temp-allocator-reduction-small-platforms=262144"
    "memorysetup-temp-allocator-size-background-worker=32768"
    "memorysetup-temp-allocator-size-job-worker=262144"
    "memorysetup-temp-allocator-size-preload-manager=33554432"
    "memorysetup-temp-allocator-size-nav-mesh-worker=65536"
    "memorysetup-temp-allocator-size-audio-worker=65536"
    "memorysetup-temp-allocator-size-cloud-worker=32768"
    "memorysetup-temp-allocator-size-gi-baking-worker=262144"
    "memorysetup-temp-allocator-size-gfx=262144"
Refreshing native plugins compatible for Editor in 54.34 ms, found 3 plugins.
Preloading 0 native plugins for Editor in 0.00 ms.
Initialize engine version: 2022.1.16f1 (7321c9670bc2)
[Subsystems] Discovering subsystems at path C:/Program Files/Unity/Hub/Editor/2022.1.16f1/Editor/Data/Resources/UnitySubsystems
[Subsystems] Discovering subsystems at path C:/Users/nicho/Documents/Game Engine Architecture/Git/GEA-Unity-Race/GEA Unity Race Project/Assets
GfxDevice: creating device client; threaded=0; jobified=0
Direct3D:
    Version:  Direct3D 11.0 [level 11.1]
    Renderer: NVIDIA GeForce RTX 3060 Laptop GPU (ID=0x2520)
    Vendor:   NVIDIA
    VRAM:     6023 MB
    Driver:   31.0.15.1748
Initialize mono
Mono path[0] = 'C:/Program Files/Unity/Hub/Editor/2022.1.16f1/Editor/Data/Managed'
Mono path[1] = 'C:/Program Files/Unity/Hub/Editor/2022.1.16f1/Editor/Data/MonoBleedingEdge/lib/mono/unityjit-win32'
Mono config path = 'C:/Program Files/Unity/Hub/Editor/2022.1.16f1/Editor/Data/MonoBleedingEdge/etc'
Using monoOptions --debugger-agent=transport=dt_socket,embedding=1,server=y,suspend=n,address=127.0.0.1:56184
Begin MonoManager ReloadAssembly
Registering precompiled unity dll's ...
Register platform support module: C:/Program Files/Unity/Hub/Editor/2022.1.16f1/Editor/Data/PlaybackEngines/WindowsStandaloneSupport/UnityEditor.WindowsStandalone.Extensions.dll
Registered in 0.006192 seconds.
Native extension for WindowsStandalone target not found
Refreshing native plugins compatible for Editor in 43.26 ms, found 3 plugins.
Preloading 0 native plugins for Editor in 0.00 ms.
Mono: successfully reloaded assembly
- Completed reload, in  0.479 seconds
Domain Reload Profiling:
	ReloadAssembly (479ms)
		BeginReloadAssembly (60ms)
			ExecutionOrderSort (0ms)
			DisableScriptedObjects (0ms)
			BackupInstance (0ms)
			ReleaseScriptingObjects (0ms)
			CreateAndSetChildDomain (1ms)
		EndReloadAssembly (332ms)
			LoadAssemblies (57ms)
			RebuildTransferFunctionScriptingTraits (0ms)
			SetupTypeCache (79ms)
				TypeCache.Initialize (79ms)
					TypeCache.ScanAssembly (78ms)
				ResolveRequiredComponents (0ms)
			ReleaseScriptCaches (0ms)
			RebuildScriptCaches (19ms)
			SetupLoadedEditorAssemblies (192ms)
				LogAssemblyErrors (0ms)
				InitializePlatformSupportModulesInManaged (7ms)
				SetLoadedEditorAssemblies (5ms)
				RefreshPlugins (43ms)
				BeforeProcessingInitializeOnLoad (1ms)
				ProcessInitializeOnLoadAttributes (102ms)
				ProcessInitializeOnLoadMethodAttributes (34ms)
				AfterProcessingInitializeOnLoad (0ms)
				EditorAssembliesLoaded (0ms)
			ExecutionOrderSort2 (0ms)
			AwakeInstancesAfterBackupRestoration (0ms)
Platform modules already initialized, skipping
Registering precompiled user dll's ...
Registered in 0.007939 seconds.
Begin MonoManager ReloadAssembly
Native extension for WindowsStandalone target not found
Refreshing native plugins compatible for Editor in 44.50 ms, found 3 plugins.
Preloading 0 native plugins for Editor in 0.00 ms.
Mono: successfully reloaded assembly
- Completed reload, in  0.901 seconds
Domain Reload Profiling:
	ReloadAssembly (902ms)
		BeginReloadAssembly (93ms)
			ExecutionOrderSort (0ms)
			DisableScriptedObjects (4ms)
			BackupInstance (0ms)
			ReleaseScriptingObjects (0ms)
			CreateAndSetChildDomain (18ms)
		EndReloadAssembly (729ms)
			LoadAssemblies (70ms)
			RebuildTransferFunctionScriptingTraits (0ms)
			SetupTypeCache (180ms)
				TypeCache.Initialize (177ms)
					TypeCache.ScanAssembly (172ms)
				ResolveRequiredComponents (3ms)
			ReleaseScriptCaches (0ms)
			RebuildScriptCaches (48ms)
			SetupLoadedEditorAssemblies (383ms)
				LogAssemblyErrors (0ms)
				InitializePlatformSupportModulesInManaged (9ms)
				SetLoadedEditorAssemblies (4ms)
				RefreshPlugins (45ms)
				BeforeProcessingInitializeOnLoad (71ms)
				ProcessInitializeOnLoadAttributes (226ms)
				ProcessInitializeOnLoadMethodAttributes (21ms)
				AfterProcessingInitializeOnLoad (7ms)
				EditorAssembliesLoaded (0ms)
			ExecutionOrderSort2 (0ms)
			AwakeInstancesAfterBackupRestoration (5ms)
Platform modules already initialized, skipping
========================================================================
Worker process is ready to serve import requests
Launched and connected shader compiler UnityShaderCompiler.exe after 0.04 seconds
Refreshing native plugins compatible for Editor in 0.76 ms, found 3 plugins.
Preloading 0 native plugins for Editor in 0.00 ms.
Unloading 3277 Unused Serialized files (Serialized files now loaded: 0)
Unloading 88 unused Assets / (22.4 MB). Loaded Objects now: 3698.
Memory consumption went from 0.55 GB to 0.53 GB.
Total: 6.669100 ms (FindLiveObjects: 0.254200 ms CreateObjectMapping: 0.184300 ms MarkObjects: 2.778500 ms  DeleteObjects: 3.451100 ms)

AssetImportParameters requested are different than current active one (requested -> active):
  custom:video-decoder-ogg-theora: a1e56fd34408186e4bbccfd4996cb3dc -> 
  custom:container-muxer-webm: aa71ff27fc2769a1b78a27578f13a17b -> 
  custom:container-demuxer-webm: 4f35f7cbe854078d1ac9338744f61a02 -> 
  custom:video-encoder-webm-vp8: eb34c28f22e8b96e1ab97ce403110664 -> 
  custom:video-codec-MediaFoundation-h265: 746d11721c4dcdbdad8f713fa42b33f4 -> 
  custom:audio-encoder-webm-vorbis: bf7c407c2cedff20999df2af8eb42d56 -> 
  custom:framework-win-MediaFoundation: 216162199b28c13a410421893ffa2e32 -> 
  custom:container-demuxer-ogg: 62fdf1f143b41e24485cea50d1cbac27 -> 
  custom:video-decoder-webm-vp8: 9c59270c3fd7afecdb556c50c9e8de78 -> 
  custom:audio-decoder-ogg-vorbis: bf7c407c2cedff20999df2af8eb42d56 -> 
========================================================================
Received Import Request.
  Time since last request: 26252.093401 seconds.
  path: Assets/Karting/Art/Materials/Props/LapCheckpoint.mat
  artifactKey: Guid(8e3450d3a78f83c42a6dd5272ba6fab3) Importer(815301076,1909f56bfc062723c751e8b465ee728b)
Start importing Assets/Karting/Art/Materials/Props/LapCheckpoint.mat using Guid(8e3450d3a78f83c42a6dd5272ba6fab3) Importer(815301076,1909f56bfc062723c751e8b465ee728b)  -> (artifact id: 'c41bdd88dcf5314d8227359a26422643') in 0.153929 seconds 
========================================================================
Received Import Request.
  Time since last request: 9.647666 seconds.
  path: Assets/Karting/Art/Materials/VFX/SmokeAdditive.mat
  artifactKey: Guid(5d4b5e7690c779d41ad5eb102a6bbf6f) Importer(815301076,1909f56bfc062723c751e8b465ee728b)
Start importing Assets/Karting/Art/Materials/VFX/SmokeAdditive.mat using Guid(5d4b5e7690c779d41ad5eb102a6bbf6f) Importer(815301076,1909f56bfc062723c751e8b465ee728b)  -> (artifact id: 'e0623f1c51b2ea2eb4a3584c6ab29733') in 0.022739 seconds 
========================================================================
Received Import Request.
  Time since last request: 37.615705 seconds.
  path: Assets/Karting/Prefabs/Environment/Building02CornerBricks.prefab
  artifactKey: Guid(bd77db49972d95a4e9b24a8a7ed148f8) Importer(815301076,1909f56bfc062723c751e8b465ee728b)
Start importing Assets/Karting/Prefabs/Environment/Building02CornerBricks.prefab using Guid(bd77db49972d95a4e9b24a8a7ed148f8) Importer(815301076,1909f56bfc062723c751e8b465ee728b)  -> (artifact id: '78365a1050657bc4ead1f507c288dc60') in 0.029067 seconds 
========================================================================
Received Import Request.
  Time since last request: 0.006735 seconds.
  path: Assets/Karting/Prefabs/Environment/BuildingShortVariant.prefab
  artifactKey: Guid(5a26b42ae21484a788ef46734433befa) Importer(815301076,1909f56bfc062723c751e8b465ee728b)
Start importing Assets/Karting/Prefabs/Environment/BuildingShortVariant.prefab using Guid(5a26b42ae21484a788ef46734433befa) Importer(815301076,1909f56bfc062723c751e8b465ee728b)  -> (artifact id: '9049be7a804710ea7077e12404d408fe') in 0.015839 seconds 
========================================================================
Received Import Request.
  Time since last request: 0.000036 seconds.
  path: Assets/Karting/Prefabs/Environment/StoneFlat.prefab
  artifactKey: Guid(3796997fde0c29b4180a4ec756403b34) Importer(815301076,1909f56bfc062723c751e8b465ee728b)
Start importing Assets/Karting/Prefabs/Environment/StoneFlat.prefab using Guid(3796997fde0c29b4180a4ec756403b34) Importer(815301076,1909f56bfc062723c751e8b465ee728b)  -> (artifact id: '68ecde1047b821755fb195636c9505d8') in 0.020727 seconds 
========================================================================
Received Import Request.
  Time since last request: 4.583917 seconds.
  path: Assets/Karting/Prefabs/TrackPieces/TrackCamber.prefab
  artifactKey: Guid(f202d1d38db456740b720ff202853bb1) Importer(815301076,1909f56bfc062723c751e8b465ee728b)
Start importing Assets/Karting/Prefabs/TrackPieces/TrackCamber.prefab using Guid(f202d1d38db456740b720ff202853bb1) Importer(815301076,1909f56bfc062723c751e8b465ee728b)  -> (artifact id: '87d4bd477ec2ee783850b150fb47f85e') in 0.015368 seconds 
========================================================================
Received Import Request.
  Time since last request: 0.002121 seconds.
  path: Assets/Karting/Prefabs/TrackPieces/TrackCurveSmall.prefab
  artifactKey: Guid(f1a85f852a83aad4d9ceccf7929b3513) Importer(815301076,1909f56bfc062723c751e8b465ee728b)
Start importing Assets/Karting/Prefabs/TrackPieces/TrackCurveSmall.prefab using Guid(f1a85f852a83aad4d9ceccf7929b3513) Importer(815301076,1909f56bfc062723c751e8b465ee728b)  -> (artifact id: '74b2da3ff79a157f1bde926a22936b2e') in 0.019733 seconds 
========================================================================
Received Import Request.
  Time since last request: 1.869759 seconds.
  path: Assets/Karting/Prefabs/Tracks/MountainTrack.prefab
  artifactKey: Guid(0bfa237f7a52e4d49b8f974538593e0c) Importer(815301076,1909f56bfc062723c751e8b465ee728b)
Start importing Assets/Karting/Prefabs/Tracks/MountainTrack.prefab using Guid(0bfa237f7a52e4d49b8f974538593e0c) Importer(815301076,1909f56bfc062723c751e8b465ee728b)  -> (artifact id: 'efeadc10cf51c6536cf1e2beef354335') in 0.047511 seconds 
========================================================================
Received Import Request.
  Time since last request: 1.756637 seconds.
  path: Assets/Karting/Prefabs/TrainingTracks/MountainTrack_Training.prefab
  artifactKey: Guid(e15cca6e92bc8ab4c9fa5d92ef927584) Importer(815301076,1909f56bfc062723c751e8b465ee728b)
Start importing Assets/Karting/Prefabs/TrainingTracks/MountainTrack_Training.prefab using Guid(e15cca6e92bc8ab4c9fa5d92ef927584) Importer(815301076,1909f56bfc062723c751e8b465ee728b)  -> (artifact id: '1ee91c08088a467cca59c6432853abf5') in 0.025471 seconds 
========================================================================
Received Import Request.
  Time since last request: 3.456458 seconds.
  path: Assets/Karting/Prefabs/GameModes/ObjectiveLaps.prefab
  artifactKey: Guid(9982527ae59625f4db19031743e8e79d) Importer(815301076,1909f56bfc062723c751e8b465ee728b)
Start importing Assets/Karting/Prefabs/GameModes/ObjectiveLaps.prefab using Guid(9982527ae59625f4db19031743e8e79d) Importer(815301076,1909f56bfc062723c751e8b465ee728b)  -> (artifact id: '3e4f154cb53fd4aa77a43221ee4b9881') in 0.035463 seconds 
Editor requested this worker to shutdown with reason: Scaling down because of idle timeout
AssetImportWorker is now disconnected from the server
Process exiting
Exiting without the bug reporter. Application will terminate with return code 0