Using pre-set license
Built from '2022.1/staging' branch; Version is '2022.1.16f1 (7321c9670bc2) revision 7545289'; Using compiler version '192829333'; Build Type 'Release'
OS: 'Windows 10  (10.0.19044) 64bit CoreSingleLanguage' Language: 'en' Physical Memory: 15776 MB
BatchMode: 1, IsHumanControllingUs: 0, StartBugReporterOnCrash: 0, Is64bit: 1, IsPro: 1

COMMAND LINE ARGUMENTS:
C:\Program Files\Unity\Hub\Editor\2022.1.16f1\Editor\Unity.exe
-adb2
-batchMode
-noUpm
-name
AssetImportWorker4
-projectPath
C:/Users/nicho/Documents/Game Engine Architecture/Git/GEA-Unity-Race/GEA Unity Race Project
-logFile
Logs/AssetImportWorker4.log
-srvPort
49678
Successfully changed project path to: C:/Users/nicho/Documents/Game Engine Architecture/Git/GEA-Unity-Race/GEA Unity Race Project
C:/Users/nicho/Documents/Game Engine Architecture/Git/GEA-Unity-Race/GEA Unity Race Project
[UnityMemory] Configuration Parameters - Can be set up in boot.config
    "memorysetup-bucket-allocator-granularity=16"
    "memorysetup-bucket-allocator-bucket-count=8"
    "memorysetup-bucket-allocator-block-size=33554432"
    "memorysetup-bucket-allocator-block-count=8"
    "memorysetup-main-allocator-block-size=16777216"
    "memorysetup-thread-allocator-block-size=16777216"
    "memorysetup-gfx-main-allocator-block-size=16777216"
    "memorysetup-gfx-thread-allocator-block-size=16777216"
    "memorysetup-cache-allocator-block-size=4194304"
    "memorysetup-typetree-allocator-block-size=2097152"
    "memorysetup-profiler-bucket-allocator-granularity=16"
    "memorysetup-profiler-bucket-allocator-bucket-count=8"
    "memorysetup-profiler-bucket-allocator-block-size=33554432"
    "memorysetup-profiler-bucket-allocator-block-count=8"
    "memorysetup-profiler-allocator-block-size=16777216"
    "memorysetup-profiler-editor-allocator-block-size=1048576"
    "memorysetup-temp-allocator-size-main=16777216"
    "memorysetup-job-temp-allocator-block-size=2097152"
    "memorysetup-job-temp-allocator-block-size-background=1048576"
    "memorysetup-job-temp-allocator-reduction-small-platforms=262144"
    "memorysetup-temp-allocator-size-background-worker=32768"
    "memorysetup-temp-allocator-size-job-worker=262144"
    "memorysetup-temp-allocator-size-preload-manager=33554432"
    "memorysetup-temp-allocator-size-nav-mesh-worker=65536"
    "memorysetup-temp-allocator-size-audio-worker=65536"
    "memorysetup-temp-allocator-size-cloud-worker=32768"
    "memorysetup-temp-allocator-size-gi-baking-worker=262144"
    "memorysetup-temp-allocator-size-gfx=262144"
Refreshing native plugins compatible for Editor in 53.99 ms, found 3 plugins.
Preloading 0 native plugins for Editor in 0.00 ms.
Initialize engine version: 2022.1.16f1 (7321c9670bc2)
[Subsystems] Discovering subsystems at path C:/Program Files/Unity/Hub/Editor/2022.1.16f1/Editor/Data/Resources/UnitySubsystems
[Subsystems] Discovering subsystems at path C:/Users/nicho/Documents/Game Engine Architecture/Git/GEA-Unity-Race/GEA Unity Race Project/Assets
GfxDevice: creating device client; threaded=0; jobified=0
Direct3D:
    Version:  Direct3D 11.0 [level 11.1]
    Renderer: NVIDIA GeForce RTX 3060 Laptop GPU (ID=0x2520)
    Vendor:   NVIDIA
    VRAM:     6023 MB
    Driver:   31.0.15.1748
Initialize mono
Mono path[0] = 'C:/Program Files/Unity/Hub/Editor/2022.1.16f1/Editor/Data/Managed'
Mono path[1] = 'C:/Program Files/Unity/Hub/Editor/2022.1.16f1/Editor/Data/MonoBleedingEdge/lib/mono/unityjit-win32'
Mono config path = 'C:/Program Files/Unity/Hub/Editor/2022.1.16f1/Editor/Data/MonoBleedingEdge/etc'
Using monoOptions --debugger-agent=transport=dt_socket,embedding=1,server=y,suspend=n,address=127.0.0.1:56504
Begin MonoManager ReloadAssembly
Registering precompiled unity dll's ...
Register platform support module: C:/Program Files/Unity/Hub/Editor/2022.1.16f1/Editor/Data/PlaybackEngines/WindowsStandaloneSupport/UnityEditor.WindowsStandalone.Extensions.dll
Registered in 0.006831 seconds.
Native extension for WindowsStandalone target not found
Refreshing native plugins compatible for Editor in 47.02 ms, found 3 plugins.
Preloading 0 native plugins for Editor in 0.00 ms.
Mono: successfully reloaded assembly
- Completed reload, in  0.579 seconds
Domain Reload Profiling:
	ReloadAssembly (580ms)
		BeginReloadAssembly (76ms)
			ExecutionOrderSort (0ms)
			DisableScriptedObjects (0ms)
			BackupInstance (0ms)
			ReleaseScriptingObjects (0ms)
			CreateAndSetChildDomain (1ms)
		EndReloadAssembly (394ms)
			LoadAssemblies (73ms)
			RebuildTransferFunctionScriptingTraits (0ms)
			SetupTypeCache (106ms)
				TypeCache.Initialize (106ms)
					TypeCache.ScanAssembly (104ms)
				ResolveRequiredComponents (0ms)
			ReleaseScriptCaches (0ms)
			RebuildScriptCaches (24ms)
			SetupLoadedEditorAssemblies (216ms)
				LogAssemblyErrors (0ms)
				InitializePlatformSupportModulesInManaged (9ms)
				SetLoadedEditorAssemblies (7ms)
				RefreshPlugins (47ms)
				BeforeProcessingInitializeOnLoad (1ms)
				ProcessInitializeOnLoadAttributes (111ms)
				ProcessInitializeOnLoadMethodAttributes (41ms)
				AfterProcessingInitializeOnLoad (0ms)
				EditorAssembliesLoaded (0ms)
			ExecutionOrderSort2 (0ms)
			AwakeInstancesAfterBackupRestoration (0ms)
Platform modules already initialized, skipping
Registering precompiled user dll's ...
Registered in 0.008484 seconds.
Begin MonoManager ReloadAssembly
Native extension for WindowsStandalone target not found
Refreshing native plugins compatible for Editor in 47.85 ms, found 3 plugins.
Preloading 0 native plugins for Editor in 0.00 ms.
Mono: successfully reloaded assembly
- Completed reload, in  1.089 seconds
Domain Reload Profiling:
	ReloadAssembly (1090ms)
		BeginReloadAssembly (140ms)
			ExecutionOrderSort (0ms)
			DisableScriptedObjects (5ms)
			BackupInstance (0ms)
			ReleaseScriptingObjects (0ms)
			CreateAndSetChildDomain (31ms)
		EndReloadAssembly (815ms)
			LoadAssemblies (108ms)
			RebuildTransferFunctionScriptingTraits (0ms)
			SetupTypeCache (223ms)
				TypeCache.Initialize (219ms)
					TypeCache.ScanAssembly (214ms)
				ResolveRequiredComponents (4ms)
			ReleaseScriptCaches (1ms)
			RebuildScriptCaches (52ms)
			SetupLoadedEditorAssemblies (402ms)
				LogAssemblyErrors (0ms)
				InitializePlatformSupportModulesInManaged (11ms)
				SetLoadedEditorAssemblies (5ms)
				RefreshPlugins (48ms)
				BeforeProcessingInitializeOnLoad (73ms)
				ProcessInitializeOnLoadAttributes (237ms)
				ProcessInitializeOnLoadMethodAttributes (21ms)
				AfterProcessingInitializeOnLoad (7ms)
				EditorAssembliesLoaded (0ms)
			ExecutionOrderSort2 (0ms)
			AwakeInstancesAfterBackupRestoration (5ms)
Platform modules already initialized, skipping
========================================================================
Worker process is ready to serve import requests
Launched and connected shader compiler UnityShaderCompiler.exe after 0.04 seconds
Refreshing native plugins compatible for Editor in 1.66 ms, found 3 plugins.
Preloading 0 native plugins for Editor in 0.00 ms.
Unloading 3277 Unused Serialized files (Serialized files now loaded: 0)
Unloading 88 unused Assets / (22.4 MB). Loaded Objects now: 3698.
Memory consumption went from 0.55 GB to 0.53 GB.
Total: 8.442600 ms (FindLiveObjects: 0.318400 ms CreateObjectMapping: 0.213600 ms MarkObjects: 4.053800 ms  DeleteObjects: 3.855800 ms)

AssetImportParameters requested are different than current active one (requested -> active):
  custom:video-decoder-ogg-theora: a1e56fd34408186e4bbccfd4996cb3dc -> 
  custom:container-muxer-webm: aa71ff27fc2769a1b78a27578f13a17b -> 
  custom:container-demuxer-webm: 4f35f7cbe854078d1ac9338744f61a02 -> 
  custom:video-encoder-webm-vp8: eb34c28f22e8b96e1ab97ce403110664 -> 
  custom:video-codec-MediaFoundation-h265: 746d11721c4dcdbdad8f713fa42b33f4 -> 
  custom:audio-encoder-webm-vorbis: bf7c407c2cedff20999df2af8eb42d56 -> 
  custom:framework-win-MediaFoundation: 216162199b28c13a410421893ffa2e32 -> 
  custom:container-demuxer-ogg: 62fdf1f143b41e24485cea50d1cbac27 -> 
  custom:video-decoder-webm-vp8: 9c59270c3fd7afecdb556c50c9e8de78 -> 
  custom:audio-decoder-ogg-vorbis: bf7c407c2cedff20999df2af8eb42d56 -> 
========================================================================
Received Import Request.
  Time since last request: 20097.564059 seconds.
  path: Assets/Mod Assets/3DProps/BillboardPrefabs/BillboardTall.prefab
  artifactKey: Guid(eb2165edd3e7844999a55b305c92b541) Importer(815301076,1909f56bfc062723c751e8b465ee728b)
Start importing Assets/Mod Assets/3DProps/BillboardPrefabs/BillboardTall.prefab using Guid(eb2165edd3e7844999a55b305c92b541) Importer(815301076,1909f56bfc062723c751e8b465ee728b)  -> (artifact id: '74f9b8f3f3581af4a3a37a2e4c16ccb6') in 0.118020 seconds 
========================================================================
Received Import Request.
  Time since last request: 1.453799 seconds.
  path: Assets/Mod Assets/3DProps/NatureProps/Cactus.fbx
  artifactKey: Guid(abd8d6df37cf14c4485291b3d13cd460) Importer(815301076,1909f56bfc062723c751e8b465ee728b)
Start importing Assets/Mod Assets/3DProps/NatureProps/Cactus.fbx using Guid(abd8d6df37cf14c4485291b3d13cd460) Importer(815301076,1909f56bfc062723c751e8b465ee728b)  -> (artifact id: 'e49fe88e67935ead9e74321b488032bd') in 0.063897 seconds 
========================================================================
Received Import Request.
  Time since last request: 0.307597 seconds.
  path: Assets/Mod Assets/3DProps/SpaceProps/Asteroid.fbx
  artifactKey: Guid(738cfb63efae84af7b2446470711e751) Importer(815301076,1909f56bfc062723c751e8b465ee728b)
Start importing Assets/Mod Assets/3DProps/SpaceProps/Asteroid.fbx using Guid(738cfb63efae84af7b2446470711e751) Importer(815301076,1909f56bfc062723c751e8b465ee728b)  -> (artifact id: 'b3b04ca80813e08c3ad62103664afcdd') in 0.036058 seconds 
========================================================================
Received Import Request.
  Time since last request: 3.311914 seconds.
  path: Assets/Mod Assets/Kart/Custom Materials/Basic Black.mat
  artifactKey: Guid(dc263f8d5174d45c0a98e6489eca16c5) Importer(815301076,1909f56bfc062723c751e8b465ee728b)
Start importing Assets/Mod Assets/Kart/Custom Materials/Basic Black.mat using Guid(dc263f8d5174d45c0a98e6489eca16c5) Importer(815301076,1909f56bfc062723c751e8b465ee728b)  -> (artifact id: '69dc98203790adf452d8ce06c3dfb357') in 0.017830 seconds 
========================================================================
Received Import Request.
  Time since last request: 0.000022 seconds.
  path: Assets/Mod Assets/Kart/Custom Materials/Basic White.mat
  artifactKey: Guid(80aca137a2109463fb6c86f09a521374) Importer(815301076,1909f56bfc062723c751e8b465ee728b)
Start importing Assets/Mod Assets/Kart/Custom Materials/Basic White.mat using Guid(80aca137a2109463fb6c86f09a521374) Importer(815301076,1909f56bfc062723c751e8b465ee728b)  -> (artifact id: '2628a024d437eab76ca4596f142c5538') in 0.014306 seconds 
========================================================================
Received Import Request.
  Time since last request: 0.002390 seconds.
  path: Assets/Mod Assets/Kart/Custom Materials/Neon Blue.mat
  artifactKey: Guid(720149e63952b457590122b90ee86b07) Importer(815301076,1909f56bfc062723c751e8b465ee728b)
Start importing Assets/Mod Assets/Kart/Custom Materials/Neon Blue.mat using Guid(720149e63952b457590122b90ee86b07) Importer(815301076,1909f56bfc062723c751e8b465ee728b)  -> (artifact id: '879e375f1b2246f1545e58f1b47bc6cf') in 0.015393 seconds 
========================================================================
Received Import Request.
  Time since last request: 0.682604 seconds.
  path: Assets/Mod Assets/Kart/Hat Prefabs/PartyHat.prefab
  artifactKey: Guid(332a6a14085b74fdd9c8f81357a61185) Importer(815301076,1909f56bfc062723c751e8b465ee728b)
Start importing Assets/Mod Assets/Kart/Hat Prefabs/PartyHat.prefab using Guid(332a6a14085b74fdd9c8f81357a61185) Importer(815301076,1909f56bfc062723c751e8b465ee728b)  -> (artifact id: '1fecf4902b3828895413e9438c03deba') in 0.029799 seconds 
========================================================================
Received Import Request.
  Time since last request: 1.205556 seconds.
  path: Assets/Mod Assets/Kart/Particle Prefabs/ConfettiCelebration.prefab
  artifactKey: Guid(2f5d313409ec64adc9647e645f3fd9f2) Importer(815301076,1909f56bfc062723c751e8b465ee728b)
Start importing Assets/Mod Assets/Kart/Particle Prefabs/ConfettiCelebration.prefab using Guid(2f5d313409ec64adc9647e645f3fd9f2) Importer(815301076,1909f56bfc062723c751e8b465ee728b)  -> (artifact id: '16fc159464be606d1eaafdc73120c957') in 0.040314 seconds 
========================================================================
Received Import Request.
  Time since last request: 0.648584 seconds.
  path: Assets/Mod Assets/Kart/Stylized Profiles/Noir Profile.asset
  artifactKey: Guid(f2a7733f1191f4a35b2bbb50208ae674) Importer(815301076,1909f56bfc062723c751e8b465ee728b)
Start importing Assets/Mod Assets/Kart/Stylized Profiles/Noir Profile.asset using Guid(f2a7733f1191f4a35b2bbb50208ae674) Importer(815301076,1909f56bfc062723c751e8b465ee728b)  -> (artifact id: 'e71b1ac2b4113f5697b0305ca898cf29') in 0.015625 seconds 
========================================================================
Received Import Request.
  Time since last request: 0.702149 seconds.
  path: Assets/Mod Assets/Kart/Trail Prefabs/FireTrail.prefab
  artifactKey: Guid(dfa71f3ca0c2e408c855c56585bfbaad) Importer(815301076,1909f56bfc062723c751e8b465ee728b)
Start importing Assets/Mod Assets/Kart/Trail Prefabs/FireTrail.prefab using Guid(dfa71f3ca0c2e408c855c56585bfbaad) Importer(815301076,1909f56bfc062723c751e8b465ee728b)  -> (artifact id: 'a4dd071d18c2bc0e8e3d96e8f3842d21') in 0.019788 seconds 
========================================================================
Received Import Request.
  Time since last request: 4.348472 seconds.
  path: Assets/Mod Assets/ModResources/Fonts/BioRhymeExpanded-Regular SDF.asset
  artifactKey: Guid(2d0aaede2506c4ca0969c32576224028) Importer(815301076,1909f56bfc062723c751e8b465ee728b)
Start importing Assets/Mod Assets/ModResources/Fonts/BioRhymeExpanded-Regular SDF.asset using Guid(2d0aaede2506c4ca0969c32576224028) Importer(815301076,1909f56bfc062723c751e8b465ee728b)  -> (artifact id: '2f5a98a8c3159f3cd83e1e25185f319d') in 0.051003 seconds 
========================================================================
Received Import Request.
  Time since last request: 0.000029 seconds.
  path: Assets/Mod Assets/ModResources/Fonts/Raleway-Regular SDF.asset
  artifactKey: Guid(2abf75d6e0d8a4aa6910fae6ee5d638b) Importer(815301076,1909f56bfc062723c751e8b465ee728b)
Start importing Assets/Mod Assets/ModResources/Fonts/Raleway-Regular SDF.asset using Guid(2abf75d6e0d8a4aa6910fae6ee5d638b) Importer(815301076,1909f56bfc062723c751e8b465ee728b)  -> (artifact id: '9851a0ae6bf33eb369c2dfa09e16885b') in 0.062356 seconds 
========================================================================
Received Import Request.
  Time since last request: 0.485118 seconds.
  path: Assets/Mod Assets/ModResources/HatMaterials/GlassesMaterial.mat
  artifactKey: Guid(1acefd150eaed40838351a00d9ea7163) Importer(815301076,1909f56bfc062723c751e8b465ee728b)
Start importing Assets/Mod Assets/ModResources/HatMaterials/GlassesMaterial.mat using Guid(1acefd150eaed40838351a00d9ea7163) Importer(815301076,1909f56bfc062723c751e8b465ee728b)  -> (artifact id: 'e38de15a15ea8868a7c7b69fbc5acc43') in 0.015528 seconds 
========================================================================
Received Import Request.
  Time since last request: 0.000060 seconds.
  path: Assets/Mod Assets/ModResources/HatMaterials/WizardHatMaterial.mat
  artifactKey: Guid(620d51c84c6b5432e8cad9adb5edfc64) Importer(815301076,1909f56bfc062723c751e8b465ee728b)
Start importing Assets/Mod Assets/ModResources/HatMaterials/WizardHatMaterial.mat using Guid(620d51c84c6b5432e8cad9adb5edfc64) Importer(815301076,1909f56bfc062723c751e8b465ee728b)  -> (artifact id: '598ec1ed404d0f8b5da8b715de112fb0') in 0.014144 seconds 
========================================================================
Received Import Request.
  Time since last request: 0.719026 seconds.
  path: Assets/Mod Assets/ModResources/HatMeshes/GlassesMesh.fbx
  artifactKey: Guid(be949c77dc28c459280b4981f6495d99) Importer(815301076,1909f56bfc062723c751e8b465ee728b)
Start importing Assets/Mod Assets/ModResources/HatMeshes/GlassesMesh.fbx using Guid(be949c77dc28c459280b4981f6495d99) Importer(815301076,1909f56bfc062723c751e8b465ee728b)  -> (artifact id: '81ec2362d00e6661e18354b50649f9e9') in 0.050262 seconds 
========================================================================
Received Import Request.
  Time since last request: 3.086908 seconds.
  path: Assets/Mod Assets/ModResources/Textures/rainbowtexture.png
  artifactKey: Guid(1b6d33a625dab47a48c2b062e2ce39bc) Importer(815301076,1909f56bfc062723c751e8b465ee728b)
Start importing Assets/Mod Assets/ModResources/Textures/rainbowtexture.png using Guid(1b6d33a625dab47a48c2b062e2ce39bc) Importer(815301076,1909f56bfc062723c751e8b465ee728b)  -> (artifact id: 'fc9243676e23f3155ed5f2a844873ac0') in 0.047525 seconds 
========================================================================
Received Import Request.
  Time since last request: 4.593440 seconds.
  path: Assets/Mod Assets/ModResources/TrailMaterials/FireTrailMaterial.mat
  artifactKey: Guid(1cdc620dc87bd45acbd2dfd2cc6560eb) Importer(815301076,1909f56bfc062723c751e8b465ee728b)
Start importing Assets/Mod Assets/ModResources/TrailMaterials/FireTrailMaterial.mat using Guid(1cdc620dc87bd45acbd2dfd2cc6560eb) Importer(815301076,1909f56bfc062723c751e8b465ee728b)  -> (artifact id: 'c68c6fc1e74f4d5999adaef14a32ac68') in 0.021276 seconds 
========================================================================
Received Import Request.
  Time since last request: 0.540496 seconds.
  path: Assets/Mod Assets/ModResources/UIImages/whiteCircle.png
  artifactKey: Guid(9a25f905d041b46a7837db8a10bb8581) Importer(815301076,1909f56bfc062723c751e8b465ee728b)
Start importing Assets/Mod Assets/ModResources/UIImages/whiteCircle.png using Guid(9a25f905d041b46a7837db8a10bb8581) Importer(815301076,1909f56bfc062723c751e8b465ee728b)  -> (artifact id: '83e8c540f5512be096ef195d40b57f85') in 0.047908 seconds 
========================================================================
Received Import Request.
  Time since last request: 7.442078 seconds.
  path: Assets/Karting
  artifactKey: Guid(5b37cab98afac4ca696e7a5c19dec454) Importer(815301076,1909f56bfc062723c751e8b465ee728b)
Start importing Assets/Karting using Guid(5b37cab98afac4ca696e7a5c19dec454) Importer(815301076,1909f56bfc062723c751e8b465ee728b)  -> (artifact id: '304444cddedbbf4559113f753de63311') in 0.006224 seconds 
========================================================================
Received Import Request.
  Time since last request: 5.192774 seconds.
  path: Assets/Karting/Art
  artifactKey: Guid(aa5f8f04edcf4449a97dc5a7dab635fd) Importer(815301076,1909f56bfc062723c751e8b465ee728b)
Start importing Assets/Karting/Art using Guid(aa5f8f04edcf4449a97dc5a7dab635fd) Importer(815301076,1909f56bfc062723c751e8b465ee728b)  -> (artifact id: '3f1a50c69150be3917d8361334e9b00a') in 0.007203 seconds 
========================================================================
Received Import Request.
  Time since last request: 2.055011 seconds.
  path: Assets/Karting/Art/Models
  artifactKey: Guid(faa066c047c1742a7a2c83b84c9a550d) Importer(815301076,1909f56bfc062723c751e8b465ee728b)
Start importing Assets/Karting/Art/Models using Guid(faa066c047c1742a7a2c83b84c9a550d) Importer(815301076,1909f56bfc062723c751e8b465ee728b)  -> (artifact id: 'f82caf60cfaa0bb05a4a1b9a37a1e02b') in 0.008158 seconds 
========================================================================
Received Import Request.
  Time since last request: 0.065903 seconds.
  path: Assets/Karting/Art/Models/BowlingPin.fbx
  artifactKey: Guid(3760fc2bfbb77904ab1a129dbed3c531) Importer(815301076,1909f56bfc062723c751e8b465ee728b)
Start importing Assets/Karting/Art/Models/BowlingPin.fbx using Guid(3760fc2bfbb77904ab1a129dbed3c531) Importer(815301076,1909f56bfc062723c751e8b465ee728b)  -> (artifact id: '02db1a9f298dd7215360a61a674ddc86') in 0.015383 seconds 
========================================================================
Received Import Request.
  Time since last request: 0.000787 seconds.
  path: Assets/Karting/Art/Models/Building02WallBricks.fbx
  artifactKey: Guid(b12206d774dc7c94881f7f13f3dc81e2) Importer(815301076,1909f56bfc062723c751e8b465ee728b)
Start importing Assets/Karting/Art/Models/Building02WallBricks.fbx using Guid(b12206d774dc7c94881f7f13f3dc81e2) Importer(815301076,1909f56bfc062723c751e8b465ee728b)  -> (artifact id: '403b2c0750de5976848d7964674aaf15') in 0.022481 seconds 
========================================================================
Received Import Request.
  Time since last request: 0.001944 seconds.
  path: Assets/Karting/Art/Models/BuildingMediumModel.fbx
  artifactKey: Guid(ff205f5b9b7be4ff4b52365d65d4c8e3) Importer(815301076,1909f56bfc062723c751e8b465ee728b)
Start importing Assets/Karting/Art/Models/BuildingMediumModel.fbx using Guid(ff205f5b9b7be4ff4b52365d65d4c8e3) Importer(815301076,1909f56bfc062723c751e8b465ee728b)  -> (artifact id: '84ef4e5d858794bb2406cb929fe6bbe7') in 0.029675 seconds 
========================================================================
Received Import Request.
  Time since last request: 0.000027 seconds.
  path: Assets/Karting/Art/Models/BuildingShortVariantModel.fbx
  artifactKey: Guid(ea9b690577e1e4787b7a0ba1e8bde702) Importer(815301076,1909f56bfc062723c751e8b465ee728b)
Start importing Assets/Karting/Art/Models/BuildingShortVariantModel.fbx using Guid(ea9b690577e1e4787b7a0ba1e8bde702) Importer(815301076,1909f56bfc062723c751e8b465ee728b)  -> (artifact id: 'beb356e4f45ced78541f7bfcf88408fb') in 0.037548 seconds 
========================================================================
Received Import Request.
  Time since last request: 0.000119 seconds.
  path: Assets/Karting/Art/Models/Cloud.FBX
  artifactKey: Guid(0829d76c4806eb54b8b2f17eec10f4e6) Importer(815301076,1909f56bfc062723c751e8b465ee728b)
Start importing Assets/Karting/Art/Models/Cloud.FBX using Guid(0829d76c4806eb54b8b2f17eec10f4e6) Importer(815301076,1909f56bfc062723c751e8b465ee728b)  -> (artifact id: 'e3a3fe9661db0718e7a49f2d28fe6afe') in 0.036490 seconds 
========================================================================
Received Import Request.
  Time since last request: 0.000029 seconds.
  path: Assets/Karting/Art/Models/BuildingThinModel.fbx
  artifactKey: Guid(4d5adf1f338cc40bf8ed376a09b0ac1c) Importer(815301076,1909f56bfc062723c751e8b465ee728b)
Start importing Assets/Karting/Art/Models/BuildingThinModel.fbx using Guid(4d5adf1f338cc40bf8ed376a09b0ac1c) Importer(815301076,1909f56bfc062723c751e8b465ee728b)  -> (artifact id: '21babaf8b87d264dd5e11b9ff64745b3') in 0.035589 seconds 
========================================================================
Received Import Request.
  Time since last request: 0.658613 seconds.
  path: Assets/Karting/Art/Models/ramp.fbx
  artifactKey: Guid(ea11a61298b6fe94bb5d1f868dafa69a) Importer(815301076,1909f56bfc062723c751e8b465ee728b)
Start importing Assets/Karting/Art/Models/ramp.fbx using Guid(ea11a61298b6fe94bb5d1f868dafa69a) Importer(815301076,1909f56bfc062723c751e8b465ee728b)  -> (artifact id: '04f1e57afc875e24dbf8460d13225cf6') in 0.017560 seconds 
========================================================================
Received Import Request.
  Time since last request: 0.002504 seconds.
  path: Assets/Karting/Art/Models/TrackCamber.fbx
  artifactKey: Guid(127b92ea3636da5478d4347afe2fb698) Importer(815301076,1909f56bfc062723c751e8b465ee728b)
Start importing Assets/Karting/Art/Models/TrackCamber.fbx using Guid(127b92ea3636da5478d4347afe2fb698) Importer(815301076,1909f56bfc062723c751e8b465ee728b)  -> (artifact id: '30d2b3013a2f12f1cf1be1f5be328c68') in 0.025597 seconds 
========================================================================
Received Import Request.
  Time since last request: 0.509866 seconds.
  path: Assets/Karting/Art/Models/TrackCamberCurveMeshColliderWalls.fbx
  artifactKey: Guid(7d98a46148b6a8843ac25d814f897473) Importer(815301076,1909f56bfc062723c751e8b465ee728b)
Start importing Assets/Karting/Art/Models/TrackCamberCurveMeshColliderWalls.fbx using Guid(7d98a46148b6a8843ac25d814f897473) Importer(815301076,1909f56bfc062723c751e8b465ee728b)  -> (artifact id: '7fb309dc2577ba9e7aaa798189dc239b') in 0.021531 seconds 
========================================================================
Received Import Request.
  Time since last request: 0.000025 seconds.
  path: Assets/Karting/Art/Models/TrackCurveBigMeshColliderGround.fbx
  artifactKey: Guid(e7dd2bb6af3d71e419b224eeb9a39dd5) Importer(815301076,1909f56bfc062723c751e8b465ee728b)
Start importing Assets/Karting/Art/Models/TrackCurveBigMeshColliderGround.fbx using Guid(e7dd2bb6af3d71e419b224eeb9a39dd5) Importer(815301076,1909f56bfc062723c751e8b465ee728b)  -> (artifact id: '6b720793a6f94c0a05af77b7e6864a6a') in 0.023270 seconds 
========================================================================
Received Import Request.
  Time since last request: 0.009735 seconds.
  path: Assets/Karting/Art/Models/TrackCurveMediumMeshColliderGround.fbx
  artifactKey: Guid(4dab2a37e1d72794cbd731aacb7847dd) Importer(815301076,1909f56bfc062723c751e8b465ee728b)
Start importing Assets/Karting/Art/Models/TrackCurveMediumMeshColliderGround.fbx using Guid(4dab2a37e1d72794cbd731aacb7847dd) Importer(815301076,1909f56bfc062723c751e8b465ee728b)  -> (artifact id: '7999a69d85d57235848efe03d6dbf498') in 0.019977 seconds 
========================================================================
Received Import Request.
  Time since last request: 0.000769 seconds.
  path: Assets/Karting/Art/Models/TrackCurveSmallMeshColliderGround.fbx
  artifactKey: Guid(7a12252bdee88de449f5e72aa3547da4) Importer(815301076,1909f56bfc062723c751e8b465ee728b)
Start importing Assets/Karting/Art/Models/TrackCurveSmallMeshColliderGround.fbx using Guid(7a12252bdee88de449f5e72aa3547da4) Importer(815301076,1909f56bfc062723c751e8b465ee728b)  -> (artifact id: 'a4b1867702b6aa410264eb1644f9203b') in 0.024978 seconds 
========================================================================
Received Import Request.
  Time since last request: 0.000036 seconds.
  path: Assets/Karting/Art/Models/TrackStraightShortMeshColliderGround.fbx
  artifactKey: Guid(c26a2ada60c256142a8586788911a9ce) Importer(815301076,1909f56bfc062723c751e8b465ee728b)
Start importing Assets/Karting/Art/Models/TrackStraightShortMeshColliderGround.fbx using Guid(c26a2ada60c256142a8586788911a9ce) Importer(815301076,1909f56bfc062723c751e8b465ee728b)  -> (artifact id: '8aa29d7f25d43bba6e56409737c56c30') in 0.021412 seconds 
========================================================================
Received Import Request.
  Time since last request: 0.002467 seconds.
  path: Assets/Karting/Art/Models/TrackToCamberMeshColliderGround.fbx
  artifactKey: Guid(ee53d570b8e99754889811c75e57f688) Importer(815301076,1909f56bfc062723c751e8b465ee728b)
Start importing Assets/Karting/Art/Models/TrackToCamberMeshColliderGround.fbx using Guid(ee53d570b8e99754889811c75e57f688) Importer(815301076,1909f56bfc062723c751e8b465ee728b)  -> (artifact id: '08faaa1d38ba5cb5d2f3a8adb1d9de7e') in 0.031199 seconds 
========================================================================
Received Import Request.
  Time since last request: 0.000028 seconds.
  path: Assets/Karting/Art/Models/TreeRound.FBX
  artifactKey: Guid(dca6189290e8c16479a364fa6d80b6b8) Importer(815301076,1909f56bfc062723c751e8b465ee728b)
Start importing Assets/Karting/Art/Models/TreeRound.FBX using Guid(dca6189290e8c16479a364fa6d80b6b8) Importer(815301076,1909f56bfc062723c751e8b465ee728b)  -> (artifact id: '05da0eee5cbe38a7386ae5ac8af84470') in 0.028414 seconds 
========================================================================
Received Import Request.
  Time since last request: 5.815220 seconds.
  path: Assets/Karting/Art/Models/Kart_Classic
  artifactKey: Guid(8f2268310feb056458e14adbbe975de2) Importer(815301076,1909f56bfc062723c751e8b465ee728b)
Start importing Assets/Karting/Art/Models/Kart_Classic using Guid(8f2268310feb056458e14adbbe975de2) Importer(815301076,1909f56bfc062723c751e8b465ee728b)  -> (artifact id: '4c938f390901f77f625e1c0dd1fb7981') in 0.006801 seconds 
========================================================================
Received Import Request.
  Time since last request: 0.063002 seconds.
  path: Assets/Karting/Art/Models/Kart_Classic/KartClassic_Body.fbx
  artifactKey: Guid(d3aa50a8114db7a4e95c5cb29a283ac4) Importer(815301076,1909f56bfc062723c751e8b465ee728b)
Start importing Assets/Karting/Art/Models/Kart_Classic/KartClassic_Body.fbx using Guid(d3aa50a8114db7a4e95c5cb29a283ac4) Importer(815301076,1909f56bfc062723c751e8b465ee728b)  -> (artifact id: 'd9c4c9849bef2b14a818308ce0591747') in 0.028067 seconds 
========================================================================
Received Import Request.
  Time since last request: 26.842370 seconds.
  path: Assets/Karting/Timelines/RaceStart.playable
  artifactKey: Guid(ef59465c823e959448bdf40fa6e69b5d) Importer(815301076,1909f56bfc062723c751e8b465ee728b)
Start importing Assets/Karting/Timelines/RaceStart.playable using Guid(ef59465c823e959448bdf40fa6e69b5d) Importer(815301076,1909f56bfc062723c751e8b465ee728b)  -> (artifact id: 'f0af2f7433ebd7414d2b0b54177805aa') in 0.013402 seconds 
========================================================================
Received Import Request.
  Time since last request: 160.908269 seconds.
  path: Assets/Karting/Scripts/KartGame.asmdef
  artifactKey: Guid(a54b96d5ddd2c488aadb7e2cb0921b9b) Importer(815301076,1909f56bfc062723c751e8b465ee728b)
Start importing Assets/Karting/Scripts/KartGame.asmdef using Guid(a54b96d5ddd2c488aadb7e2cb0921b9b) Importer(815301076,1909f56bfc062723c751e8b465ee728b)  -> (artifact id: '052f92793e03835b2a1568ce274d9e87') in 0.007417 seconds 
========================================================================
Received Import Request.
  Time since last request: 2.292171 seconds.
  path: Assets/Karting/ScriptableObjects/NotificationPrefab.asset
  artifactKey: Guid(0d982485d3a954f87b928edc95b7f622) Importer(815301076,1909f56bfc062723c751e8b465ee728b)
Start importing Assets/Karting/ScriptableObjects/NotificationPrefab.asset using Guid(0d982485d3a954f87b928edc95b7f622) Importer(815301076,1909f56bfc062723c751e8b465ee728b)  -> (artifact id: 'fd4bbff18cb55613494b96388b7fd419') in 0.026353 seconds 
========================================================================
Received Import Request.
  Time since last request: 0.000035 seconds.
  path: Assets/Karting/ScriptableObjects/ObjectiveToastSecondary.asset
  artifactKey: Guid(d8b9f915b44d44383b11beec3038475a) Importer(815301076,1909f56bfc062723c751e8b465ee728b)
Start importing Assets/Karting/ScriptableObjects/ObjectiveToastSecondary.asset using Guid(d8b9f915b44d44383b11beec3038475a) Importer(815301076,1909f56bfc062723c751e8b465ee728b)  -> (artifact id: '72bee4febc30a74234932f2b2640139e') in 0.023693 seconds 
========================================================================
Received Import Request.
  Time since last request: 0.000028 seconds.
  path: Assets/Karting/ScriptableObjects/TimeDisplayItem.asset
  artifactKey: Guid(662878078edcd354991f5fbb8c48cb2e) Importer(815301076,1909f56bfc062723c751e8b465ee728b)
Start importing Assets/Karting/ScriptableObjects/TimeDisplayItem.asset using Guid(662878078edcd354991f5fbb8c48cb2e) Importer(815301076,1909f56bfc062723c751e8b465ee728b)  -> (artifact id: 'cfbceeb45ecaed504ff0c6f9fca2bdde') in 0.021803 seconds 
========================================================================
Received Import Request.
  Time since last request: 4.390063 seconds.
  path: Assets/TextMesh Pro/Resources/Style Sheets/Default Style Sheet.asset
  artifactKey: Guid(f952c082cb03451daed3ee968ac6c63e) Importer(815301076,1909f56bfc062723c751e8b465ee728b)
Start importing Assets/TextMesh Pro/Resources/Style Sheets/Default Style Sheet.asset using Guid(f952c082cb03451daed3ee968ac6c63e) Importer(815301076,1909f56bfc062723c751e8b465ee728b)  -> (artifact id: '109ddcab3e46e4b1176675a27439c7e9') in 0.007288 seconds 
========================================================================
Received Import Request.
  Time since last request: 0.001196 seconds.
  path: Assets/Karting/ModularTrackKit/Prefabs/ModularTrackBumpyStraight.prefab
  artifactKey: Guid(9b9f6390b3dee44e4ba03d5f3f76dacb) Importer(815301076,1909f56bfc062723c751e8b465ee728b)
Start importing Assets/Karting/ModularTrackKit/Prefabs/ModularTrackBumpyStraight.prefab using Guid(9b9f6390b3dee44e4ba03d5f3f76dacb) Importer(815301076,1909f56bfc062723c751e8b465ee728b)  -> (artifact id: '07a57a20e420f116719e32b6f1c585e5') in 0.041470 seconds 
========================================================================
Received Import Request.
  Time since last request: 0.000027 seconds.
  path: Assets/Karting/ModularTrackKit/Prefabs/ModularTrackStraight.prefab
  artifactKey: Guid(941fac9249b6442cdb2d3f23472128e2) Importer(815301076,1909f56bfc062723c751e8b465ee728b)
Start importing Assets/Karting/ModularTrackKit/Prefabs/ModularTrackStraight.prefab using Guid(941fac9249b6442cdb2d3f23472128e2) Importer(815301076,1909f56bfc062723c751e8b465ee728b)  -> (artifact id: 'c05f0f82af42275b3166678c85579cc7') in 0.031004 seconds 
Editor requested this worker to shutdown with reason: Scaling down because of idle timeout
AssetImportWorker is now disconnected from the server
Process exiting
Exiting without the bug reporter. Application will terminate with return code 0