Using pre-set license
Built from '2022.1/staging' branch; Version is '2022.1.16f1 (7321c9670bc2) revision 7545289'; Using compiler version '192829333'; Build Type 'Release'
OS: 'Windows 10  (10.0.19044) 64bit CoreSingleLanguage' Language: 'en' Physical Memory: 15776 MB
BatchMode: 1, IsHumanControllingUs: 0, StartBugReporterOnCrash: 0, Is64bit: 1, IsPro: 1

COMMAND LINE ARGUMENTS:
C:\Program Files\Unity\Hub\Editor\2022.1.16f1\Editor\Unity.exe
-adb2
-batchMode
-noUpm
-name
AssetImportWorker7
-projectPath
C:/Users/nicho/Documents/Game Engine Architecture/Git/GEA-Unity-Race/GEA Unity Race Project
-logFile
Logs/AssetImportWorker7.log
-srvPort
49678
Successfully changed project path to: C:/Users/nicho/Documents/Game Engine Architecture/Git/GEA-Unity-Race/GEA Unity Race Project
C:/Users/nicho/Documents/Game Engine Architecture/Git/GEA-Unity-Race/GEA Unity Race Project
[UnityMemory] Configuration Parameters - Can be set up in boot.config
    "memorysetup-bucket-allocator-granularity=16"
    "memorysetup-bucket-allocator-bucket-count=8"
    "memorysetup-bucket-allocator-block-size=33554432"
    "memorysetup-bucket-allocator-block-count=8"
    "memorysetup-main-allocator-block-size=16777216"
    "memorysetup-thread-allocator-block-size=16777216"
    "memorysetup-gfx-main-allocator-block-size=16777216"
    "memorysetup-gfx-thread-allocator-block-size=16777216"
    "memorysetup-cache-allocator-block-size=4194304"
    "memorysetup-typetree-allocator-block-size=2097152"
    "memorysetup-profiler-bucket-allocator-granularity=16"
    "memorysetup-profiler-bucket-allocator-bucket-count=8"
    "memorysetup-profiler-bucket-allocator-block-size=33554432"
    "memorysetup-profiler-bucket-allocator-block-count=8"
    "memorysetup-profiler-allocator-block-size=16777216"
    "memorysetup-profiler-editor-allocator-block-size=1048576"
    "memorysetup-temp-allocator-size-main=16777216"
    "memorysetup-job-temp-allocator-block-size=2097152"
    "memorysetup-job-temp-allocator-block-size-background=1048576"
    "memorysetup-job-temp-allocator-reduction-small-platforms=262144"
    "memorysetup-temp-allocator-size-background-worker=32768"
    "memorysetup-temp-allocator-size-job-worker=262144"
    "memorysetup-temp-allocator-size-preload-manager=33554432"
    "memorysetup-temp-allocator-size-nav-mesh-worker=65536"
    "memorysetup-temp-allocator-size-audio-worker=65536"
    "memorysetup-temp-allocator-size-cloud-worker=32768"
    "memorysetup-temp-allocator-size-gi-baking-worker=262144"
    "memorysetup-temp-allocator-size-gfx=262144"
Refreshing native plugins compatible for Editor in 61.03 ms, found 3 plugins.
Preloading 0 native plugins for Editor in 0.00 ms.
Initialize engine version: 2022.1.16f1 (7321c9670bc2)
[Subsystems] Discovering subsystems at path C:/Program Files/Unity/Hub/Editor/2022.1.16f1/Editor/Data/Resources/UnitySubsystems
[Subsystems] Discovering subsystems at path C:/Users/nicho/Documents/Game Engine Architecture/Git/GEA-Unity-Race/GEA Unity Race Project/Assets
GfxDevice: creating device client; threaded=0; jobified=0
Direct3D:
    Version:  Direct3D 11.0 [level 11.1]
    Renderer: NVIDIA GeForce RTX 3060 Laptop GPU (ID=0x2520)
    Vendor:   NVIDIA
    VRAM:     6023 MB
    Driver:   31.0.15.1748
Initialize mono
Mono path[0] = 'C:/Program Files/Unity/Hub/Editor/2022.1.16f1/Editor/Data/Managed'
Mono path[1] = 'C:/Program Files/Unity/Hub/Editor/2022.1.16f1/Editor/Data/MonoBleedingEdge/lib/mono/unityjit-win32'
Mono config path = 'C:/Program Files/Unity/Hub/Editor/2022.1.16f1/Editor/Data/MonoBleedingEdge/etc'
Using monoOptions --debugger-agent=transport=dt_socket,embedding=1,server=y,suspend=n,address=127.0.0.1:56816
Begin MonoManager ReloadAssembly
Registering precompiled unity dll's ...
Register platform support module: C:/Program Files/Unity/Hub/Editor/2022.1.16f1/Editor/Data/PlaybackEngines/WindowsStandaloneSupport/UnityEditor.WindowsStandalone.Extensions.dll
Registered in 0.006290 seconds.
Native extension for WindowsStandalone target not found
Refreshing native plugins compatible for Editor in 43.06 ms, found 3 plugins.
Preloading 0 native plugins for Editor in 0.00 ms.
Mono: successfully reloaded assembly
- Completed reload, in  0.482 seconds
Domain Reload Profiling:
	ReloadAssembly (482ms)
		BeginReloadAssembly (59ms)
			ExecutionOrderSort (0ms)
			DisableScriptedObjects (0ms)
			BackupInstance (0ms)
			ReleaseScriptingObjects (0ms)
			CreateAndSetChildDomain (1ms)
		EndReloadAssembly (333ms)
			LoadAssemblies (57ms)
			RebuildTransferFunctionScriptingTraits (0ms)
			SetupTypeCache (80ms)
				TypeCache.Initialize (79ms)
					TypeCache.ScanAssembly (78ms)
				ResolveRequiredComponents (0ms)
			ReleaseScriptCaches (0ms)
			RebuildScriptCaches (19ms)
			SetupLoadedEditorAssemblies (190ms)
				LogAssemblyErrors (0ms)
				InitializePlatformSupportModulesInManaged (6ms)
				SetLoadedEditorAssemblies (5ms)
				RefreshPlugins (43ms)
				BeforeProcessingInitializeOnLoad (1ms)
				ProcessInitializeOnLoadAttributes (99ms)
				ProcessInitializeOnLoadMethodAttributes (35ms)
				AfterProcessingInitializeOnLoad (0ms)
				EditorAssembliesLoaded (0ms)
			ExecutionOrderSort2 (0ms)
			AwakeInstancesAfterBackupRestoration (0ms)
Platform modules already initialized, skipping
Registering precompiled user dll's ...
Registered in 0.007821 seconds.
Begin MonoManager ReloadAssembly
Native extension for WindowsStandalone target not found
Refreshing native plugins compatible for Editor in 44.80 ms, found 3 plugins.
Preloading 0 native plugins for Editor in 0.00 ms.
Mono: successfully reloaded assembly
- Completed reload, in  0.903 seconds
Domain Reload Profiling:
	ReloadAssembly (904ms)
		BeginReloadAssembly (93ms)
			ExecutionOrderSort (0ms)
			DisableScriptedObjects (4ms)
			BackupInstance (0ms)
			ReleaseScriptingObjects (0ms)
			CreateAndSetChildDomain (18ms)
		EndReloadAssembly (730ms)
			LoadAssemblies (73ms)
			RebuildTransferFunctionScriptingTraits (0ms)
			SetupTypeCache (177ms)
				TypeCache.Initialize (174ms)
					TypeCache.ScanAssembly (171ms)
				ResolveRequiredComponents (3ms)
			ReleaseScriptCaches (1ms)
			RebuildScriptCaches (49ms)
			SetupLoadedEditorAssemblies (385ms)
				LogAssemblyErrors (0ms)
				InitializePlatformSupportModulesInManaged (10ms)
				SetLoadedEditorAssemblies (4ms)
				RefreshPlugins (45ms)
				BeforeProcessingInitializeOnLoad (70ms)
				ProcessInitializeOnLoadAttributes (228ms)
				ProcessInitializeOnLoadMethodAttributes (21ms)
				AfterProcessingInitializeOnLoad (7ms)
				EditorAssembliesLoaded (0ms)
			ExecutionOrderSort2 (0ms)
			AwakeInstancesAfterBackupRestoration (5ms)
Platform modules already initialized, skipping
========================================================================
Worker process is ready to serve import requests
Launched and connected shader compiler UnityShaderCompiler.exe after 0.04 seconds
Refreshing native plugins compatible for Editor in 0.62 ms, found 3 plugins.
Preloading 0 native plugins for Editor in 0.00 ms.
Unloading 3277 Unused Serialized files (Serialized files now loaded: 0)
Unloading 88 unused Assets / (22.4 MB). Loaded Objects now: 3698.
Memory consumption went from 0.55 GB to 0.53 GB.
Total: 6.854200 ms (FindLiveObjects: 0.279500 ms CreateObjectMapping: 0.139300 ms MarkObjects: 2.891800 ms  DeleteObjects: 3.542700 ms)

AssetImportParameters requested are different than current active one (requested -> active):
  custom:video-decoder-ogg-theora: a1e56fd34408186e4bbccfd4996cb3dc -> 
  custom:container-muxer-webm: aa71ff27fc2769a1b78a27578f13a17b -> 
  custom:container-demuxer-webm: 4f35f7cbe854078d1ac9338744f61a02 -> 
  custom:video-encoder-webm-vp8: eb34c28f22e8b96e1ab97ce403110664 -> 
  custom:video-codec-MediaFoundation-h265: 746d11721c4dcdbdad8f713fa42b33f4 -> 
  custom:audio-encoder-webm-vorbis: bf7c407c2cedff20999df2af8eb42d56 -> 
  custom:framework-win-MediaFoundation: 216162199b28c13a410421893ffa2e32 -> 
  custom:container-demuxer-ogg: 62fdf1f143b41e24485cea50d1cbac27 -> 
  custom:video-decoder-webm-vp8: 9c59270c3fd7afecdb556c50c9e8de78 -> 
  custom:audio-decoder-ogg-vorbis: bf7c407c2cedff20999df2af8eb42d56 -> 
========================================================================
Received Import Request.
  Time since last request: 26252.094228 seconds.
  path: Assets/Karting/Art/Materials/Props/PhysicsBall_Heavy.mat
  artifactKey: Guid(1af2f720e69c5224b8d6cb78ecc43947) Importer(815301076,1909f56bfc062723c751e8b465ee728b)
Start importing Assets/Karting/Art/Materials/Props/PhysicsBall_Heavy.mat using Guid(1af2f720e69c5224b8d6cb78ecc43947) Importer(815301076,1909f56bfc062723c751e8b465ee728b)  -> (artifact id: '54a4aa6935e6bf359233819eb10d0147') in 0.153489 seconds 
========================================================================
Received Import Request.
  Time since last request: 9.648019 seconds.
  path: Assets/Karting/Art/Materials/VFX/Tire.mat
  artifactKey: Guid(9b94da8609fdc844792430aa9b0dab91) Importer(815301076,1909f56bfc062723c751e8b465ee728b)
Start importing Assets/Karting/Art/Materials/VFX/Tire.mat using Guid(9b94da8609fdc844792430aa9b0dab91) Importer(815301076,1909f56bfc062723c751e8b465ee728b)  -> (artifact id: 'e39b2875e181a5c5b382e2a912411032') in 0.048965 seconds 
========================================================================
Received Import Request.
  Time since last request: 37.599769 seconds.
  path: Assets/Karting/Prefabs/Environment/Building03CornerWideWindow.prefab
  artifactKey: Guid(cf5ab07c03b83524e836d5c8b148ff85) Importer(815301076,1909f56bfc062723c751e8b465ee728b)
Start importing Assets/Karting/Prefabs/Environment/Building03CornerWideWindow.prefab using Guid(cf5ab07c03b83524e836d5c8b148ff85) Importer(815301076,1909f56bfc062723c751e8b465ee728b)  -> (artifact id: '3d554f523958e439195ceaf740f4a076') in 0.027076 seconds 
========================================================================
Received Import Request.
  Time since last request: 0.006857 seconds.
  path: Assets/Karting/Prefabs/Environment/BuildingThin.prefab
  artifactKey: Guid(6e78c73d0c22422438a45bea2842fcfb) Importer(815301076,1909f56bfc062723c751e8b465ee728b)
Start importing Assets/Karting/Prefabs/Environment/BuildingThin.prefab using Guid(6e78c73d0c22422438a45bea2842fcfb) Importer(815301076,1909f56bfc062723c751e8b465ee728b)  -> (artifact id: '64ff09268e1438a5b888c9bd3f7a62b3') in 0.021559 seconds 
========================================================================
Received Import Request.
  Time since last request: 0.000033 seconds.
  path: Assets/Karting/Prefabs/Environment/TreeRound.prefab
  artifactKey: Guid(f825600eaf118ef48b19d55e234266b1) Importer(815301076,1909f56bfc062723c751e8b465ee728b)
Start importing Assets/Karting/Prefabs/Environment/TreeRound.prefab using Guid(f825600eaf118ef48b19d55e234266b1) Importer(815301076,1909f56bfc062723c751e8b465ee728b)  -> (artifact id: 'b09ea865ffc333748e153d003a38f707') in 0.018201 seconds 
========================================================================
Received Import Request.
  Time since last request: 4.581644 seconds.
  path: Assets/Karting/Prefabs/TrackPieces/TrackCurveBig.prefab
  artifactKey: Guid(215971d3cbf499546bc64d67613d3c81) Importer(815301076,1909f56bfc062723c751e8b465ee728b)
Start importing Assets/Karting/Prefabs/TrackPieces/TrackCurveBig.prefab using Guid(215971d3cbf499546bc64d67613d3c81) Importer(815301076,1909f56bfc062723c751e8b465ee728b)  -> (artifact id: '0d4a0194ea8baa8ce36392cb5cc7feda') in 0.016282 seconds 
========================================================================
Received Import Request.
  Time since last request: 0.000027 seconds.
  path: Assets/Karting/Prefabs/TrackPieces/TrackToCamber.prefab
  artifactKey: Guid(8a6e80e5d3c417340b1843b94b07fa82) Importer(815301076,1909f56bfc062723c751e8b465ee728b)
Start importing Assets/Karting/Prefabs/TrackPieces/TrackToCamber.prefab using Guid(8a6e80e5d3c417340b1843b94b07fa82) Importer(815301076,1909f56bfc062723c751e8b465ee728b)  -> (artifact id: 'd26e823acca84af457eb8d7fd7b5961b') in 0.020172 seconds 
========================================================================
Received Import Request.
  Time since last request: 1.867897 seconds.
  path: Assets/Karting/Prefabs/Tracks/OvalTrack_Addon.prefab
  artifactKey: Guid(3cad09ac39b91684385ff5903ded4fc3) Importer(815301076,1909f56bfc062723c751e8b465ee728b)
Start importing Assets/Karting/Prefabs/Tracks/OvalTrack_Addon.prefab using Guid(3cad09ac39b91684385ff5903ded4fc3) Importer(815301076,1909f56bfc062723c751e8b465ee728b)  -> (artifact id: '18aec248b9bdde06ab1bc10b46a7bcdd') in 0.025161 seconds 
========================================================================
Received Import Request.
  Time since last request: 1.777691 seconds.
  path: Assets/Karting/Prefabs/TrainingTracks/WindingTrack_Training.prefab
  artifactKey: Guid(9a92f3f32c8f0fc4482a893deac1ba4c) Importer(815301076,1909f56bfc062723c751e8b465ee728b)
Start importing Assets/Karting/Prefabs/TrainingTracks/WindingTrack_Training.prefab using Guid(9a92f3f32c8f0fc4482a893deac1ba4c) Importer(815301076,1909f56bfc062723c751e8b465ee728b)  -> (artifact id: '85cec847500537120f5d9412b8788f31') in 0.025175 seconds 
Editor requested this worker to shutdown with reason: Scaling down because of idle timeout
AssetImportWorker is now disconnected from the server
Process exiting
Exiting without the bug reporter. Application will terminate with return code 0